2025-12-17 15:28:24,439 - INFO - Starting Taxi ETL Pipeline
2025-12-17 15:28:25,796 - INFO - NumExpr defaulting to 12 threads.
2025-12-17 15:28:32,589 - INFO - Sessão do Spark criada
2025-12-17 15:28:32,589 - INFO - Lendo dados de taxis de ../data/yellow_tripdata_2025-10.parquet
2025-12-17 15:28:33,989 - INFO - Sessão do Spark encerrada
2025-12-17 15:28:34,011 - INFO - Closing down clientserver connection
2025-12-17 15:29:40,986 - INFO - Starting Taxi ETL Pipeline
2025-12-17 15:29:41,108 - INFO - NumExpr defaulting to 12 threads.
2025-12-17 15:29:43,419 - INFO - Sessão do Spark criada
2025-12-17 15:29:43,419 - INFO - Lendo dados de taxis de data/yellow_tripdata_2025-10.parquet
2025-12-17 15:29:46,546 - INFO - Total de corridas carregadas: 4428699
2025-12-17 15:29:46,546 - INFO - Lendo dados de taxis de data/green_tripdata_2025-10.parquet
2025-12-17 15:29:46,667 - INFO - Total de corridas carregadas: 49416
2025-12-17 15:29:47,094 - INFO - Sessão do Spark encerrada
2025-12-17 15:29:47,112 - INFO - Closing down clientserver connection
2025-12-17 15:30:38,914 - INFO - Starting Taxi ETL Pipeline
2025-12-17 15:30:39,036 - INFO - NumExpr defaulting to 12 threads.
2025-12-17 15:30:41,296 - INFO - Sessão do Spark criada
2025-12-17 15:30:41,296 - INFO - Lendo dados de taxis de data/yellow_tripdata_2025-10.parquet
2025-12-17 15:30:43,645 - INFO - Total de corridas carregadas: 4428699
2025-12-17 15:30:43,645 - INFO - Lendo dados de taxis de data/green_tripdata_2025-10.parquet
2025-12-17 15:30:43,801 - INFO - Total de corridas carregadas: 49416
2025-12-17 15:30:44,083 - INFO - O DataFrame combinado contém 4478115 corridas
2025-12-17 15:30:44,270 - INFO - Extraido 4478115 entradas cruas
2025-12-17 15:30:44,472 - INFO - Sessão do Spark encerrada
2025-12-17 15:30:44,473 - INFO - Closing down clientserver connection
2025-12-17 15:36:10,335 - INFO - Starting Taxi ETL Pipeline
2025-12-17 15:36:10,460 - INFO - NumExpr defaulting to 12 threads.
2025-12-17 15:36:12,879 - INFO - Sessão do Spark criada
2025-12-17 15:36:12,880 - INFO - Lendo dados de taxis de data/yellow_tripdata_2025-10.parquet
2025-12-17 15:36:15,412 - INFO - Total de corridas carregadas: 4428699
2025-12-17 15:36:15,412 - INFO - Lendo dados de taxis de data/green_tripdata_2025-10.parquet
2025-12-17 15:36:15,565 - INFO - Total de corridas carregadas: 49416
2025-12-17 15:36:15,788 - INFO - O DataFrame combinado contém 4478115 corridas
2025-12-17 15:36:15,957 - INFO - Extraido 4478115 entradas cruas
2025-12-17 15:36:16,434 - INFO - Sessão do Spark encerrada
2025-12-17 15:36:16,435 - INFO - Closing down clientserver connection
